\BOOKMARK [0][-]{chapter.1}{Introduction}{}% 1
\BOOKMARK [1][-]{section.1.1}{Brief History of Black Holes}{chapter.1}% 2
\BOOKMARK [1][-]{section.1.2}{New Solutions: Microstate Geometries}{chapter.1}% 3
\BOOKMARK [1][-]{section.1.3}{Conserved Charges}{chapter.1}% 4
\BOOKMARK [2][-]{subsection.1.3.1}{Electric Charge - Electrodynamics}{section.1.3}% 5
\BOOKMARK [2][-]{subsection.1.3.2}{Komar Integral}{section.1.3}% 6
\BOOKMARK [2][-]{subsection.1.3.3}{Example: The Schwarzschild Black Hole}{section.1.3}% 7
\BOOKMARK [1][-]{section.1.4}{Smarr Formula}{chapter.1}% 8
\BOOKMARK [1][-]{section.1.5}{Motivation and Aim of the Thesis}{chapter.1}% 9
\BOOKMARK [0][-]{chapter.2}{AdS Spacetime}{}% 10
\BOOKMARK [1][-]{section.2.1}{Komar Integral in AdS Spacetime}{chapter.2}% 11
\BOOKMARK [1][-]{section.2.2}{Possible Solutions For the Divergence}{chapter.2}% 12
\BOOKMARK [2][-]{subsection.2.2.1}{Various Solutions}{section.2.2}% 13
\BOOKMARK [2][-]{subsection.2.2.2}{Killing Potential}{section.2.2}% 14
\BOOKMARK [1][-]{section.2.3}{Smarr Formula \046 Killing Potential}{chapter.2}% 15
\BOOKMARK [0][-]{chapter.3}{Matter Fields}{}% 16
\BOOKMARK [1][-]{section.3.1}{The Action in Four Dimensions}{chapter.3}% 17
\BOOKMARK [1][-]{section.3.2}{Einstein Equations}{chapter.3}% 18
\BOOKMARK [1][-]{section.3.3}{Invariances}{chapter.3}% 19
\BOOKMARK [1][-]{section.3.4}{Smarr Formula}{chapter.3}% 20
\BOOKMARK [0][-]{chapter.4}{Type IIA Superstring Theory}{}% 21
\BOOKMARK [1][-]{section.4.1}{Brief History of Superstring Theory }{chapter.4}% 22
\BOOKMARK [1][-]{section.4.2}{Type II Superstring Theory}{chapter.4}% 23
\BOOKMARK [1][-]{section.4.3}{Action of Type IIA Superstring Theory}{chapter.4}% 24
\BOOKMARK [1][-]{section.4.4}{Einstein Equations for Type IIA Supergravity}{chapter.4}% 25
\BOOKMARK [1][-]{section.4.5}{Invariances}{chapter.4}% 26
\BOOKMARK [1][-]{section.4.6}{Smarr Formula for Type IIA Supergravity}{chapter.4}% 27
\BOOKMARK [0][-]{chapter.5}{Conclusion}{}% 28
\BOOKMARK [0][-]{appendix.A}{Differential Forms \046 Conventions}{}% 29
\BOOKMARK [0][-]{appendix.B}{Cohomology}{}% 30
\BOOKMARK [0][-]{appendix.C}{Derivation of Various Formulas}{}% 31
\BOOKMARK [1][-]{section.C.1}{Action in Forms and in Index Notation}{appendix.C}% 32
\BOOKMARK [1][-]{section.C.2}{Variation of Field Strength with Respect to the Gauge Fields}{appendix.C}% 33
\BOOKMARK [1][-]{section.C.3}{Variation of Field Strength with Respect to the Metric}{appendix.C}% 34
